# JRE version: OpenJDK Runtime Environment Temurin-17.0.2+8 (17.0.2+8) (build 17.0.2+8)
# Java VM: OpenJDK 64-Bit Server VM Temurin-17.0.2+8 (17.0.2+8, mixed mode, tiered, compressed oops, compressed class ptrs, g1 gc, windows-amd64)
GC Precious Log:
 CPUs: 8 total, 8 available
 Memory: 6030M
 Large Page Support: Disabled
 NUMA Support: Disabled
 Compressed Oops: Enabled (32-bit)
 Heap Region Size: 1M
 Heap Min Capacity: 8M
 Heap Initial Capacity: 96M
 Heap Max Capacity: 1508M
 Pre-touch: Disabled
 Parallel Workers: 8
 Concurrent Workers: 2
 Concurrent Refinement Workers: 8
 Periodic GC: Disabled
Heap:
 garbage-first heap   total 37888K, used 19671K [0x00000000a1c00000, 0x0000000100000000)
  region size 1024K, 10 young (10240K), 1 survivors (1024K)
 Metaspace       used 26951K, committed 27264K, reserved 1073152K
  class space    used 2950K, committed 3072K, reserved 1048576K
GC Heap History (10 events):
Event: 1.824 GC heap before
{Heap before GC invocations=0 (full 0):
 garbage-first heap   total 98304K, used 22528K [0x00000000a1c00000, 0x0000000100000000)
  region size 1024K, 23 young (23552K), 0 survivors (0K)
 Metaspace       used 16032K, committed 16256K, reserved 1064960K
  class space    used 1615K, committed 1728K, reserved 1048576K
}
Event: 1.834 GC heap after
{Heap after GC invocations=1 (full 0):
 garbage-first heap   total 98304K, used 7460K [0x00000000a1c00000, 0x0000000100000000)
  region size 1024K, 3 young (3072K), 3 survivors (3072K)
 Metaspace       used 16032K, committed 16256K, reserved 1064960K
  class space    used 1615K, committed 1728K, reserved 1048576K
}
Event: 6.314 GC heap before
{Heap before GC invocations=1 (full 0):
 garbage-first heap   total 98304K, used 24868K [0x00000000a1c00000, 0x0000000100000000)
  region size 1024K, 21 young (21504K), 3 survivors (3072K)
 Metaspace       used 21226K, committed 21504K, reserved 1073152K
  class space    used 2289K, committed 2432K, reserved 1048576K
}
Event: 6.319 GC heap after
{Heap after GC invocations=2 (full 0):
 garbage-first heap   total 98304K, used 9362K [0x00000000a1c00000, 0x0000000100000000)
  region size 1024K, 2 young (2048K), 2 survivors (2048K)
 Metaspace       used 21226K, committed 21504K, reserved 1073152K
  class space    used 2289K, committed 2432K, reserved 1048576K
}
Event: 7.521 GC heap before
{Heap before GC invocations=3 (full 0):
 garbage-first heap   total 37888K, used 26770K [0x00000000a1c00000, 0x0000000100000000)
  region size 1024K, 20 young (20480K), 2 survivors (2048K)
 Metaspace       used 26920K, committed 27200K, reserved 1073152K
  class space    used 2950K, committed 3072K, reserved 1048576K
}
Event: 7.524 GC heap after
{Heap after GC invocations=4 (full 0):
 garbage-first heap   total 37888K, used 10594K [0x00000000a1c00000, 0x0000000100000000)
  region size 1024K, 3 young (3072K), 3 survivors (3072K)
 Metaspace       used 26920K, committed 27200K, reserved 1073152K
  class space    used 2950K, committed 3072K, reserved 1048576K
}
Event: 7.527 GC heap before
{Heap before GC invocations=4 (full 0):
 garbage-first heap   total 37888K, used 11618K [0x00000000a1c00000, 0x0000000100000000)
  region size 1024K, 4 young (4096K), 3 survivors (3072K)
 Metaspace       used 26924K, committed 27200K, reserved 1073152K
  class space    used 2950K, committed 3072K, reserved 1048576K
}
Event: 7.532 GC heap after
{Heap after GC invocations=5 (full 0):
 garbage-first heap   total 37888K, used 10596K [0x00000000a1c00000, 0x0000000100000000)
  region size 1024K, 1 young (1024K), 1 survivors (1024K)
 Metaspace       used 26924K, committed 27200K, reserved 1073152K
  class space    used 2950K, committed 3072K, reserved 1048576K
}
Event: 7.567 GC heap before
{Heap before GC invocations=5 (full 0):
 garbage-first heap   total 37888K, used 24932K [0x00000000a1c00000, 0x0000000100000000)
  region size 1024K, 15 young (15360K), 1 survivors (1024K)
 Metaspace       used 26937K, committed 27200K, reserved 1073152K
  class space    used 2950K, committed 3072K, reserved 1048576K
}
Event: 7.569 GC heap after
{Heap after GC invocations=6 (full 0):
 garbage-first heap   total 37888K, used 11002K [0x00000000a1c00000, 0x0000000100000000)
  region size 1024K, 1 young (1024K), 1 survivors (1024K)
 Metaspace       used 26937K, committed 27200K, reserved 1073152K
  class space    used 2950K, committed 3072K, reserved 1048576K
}

